# Preference setting overrides
gui_create_pref_key -category {Globals} -key {load_detail_for_funcov} -value_type {bool} -value {false}
gui_set_pref_value -category {Wave} -key {showgrid} -value {true}
gui_create_pref_category -category {dlg_settings}
gui_create_pref_key -category {dlg_settings} -key {tableWithImmediatePopup} -value_type {bool} -value {true}
gui_create_pref_category -category {schem_obj_name}
gui_create_pref_key -category {schem_obj_name} -key {show_cell_and_pin_with_symbol_name} -value_type {bool} -value {false}
gui_create_pref_key -category {schem_pin_hc} -key {textExtFont} -value_type {string} -value {Helvetica,10,-1,5,50,0,0,0,0,0}

# State setting overrides
gui_state_default_create -off -ini
gui_set_state_value -category Globals -key default_marker_mode_relative -value false
gui_set_state_value -category Globals -key recent_databases -value {{gui_open_db -file /home/ecelrc/students/psahu/382N/uarch/pipe/testbench/test_pipe.dump.vpd -design V2} {gui_open_db -file /home/ecelrc/students/psahu/382N/newuarcg/uarch/pipe/testbench/test_pipe.dump.vpd -design V1} {gui_open_db -file /home/ecelrc/students/psahu/382N/newuarcg/uarch/pipe/testbench/test_pipe.dump.vpd -design V2} {gui_open_db -file /home/ecelrc/students/psahu/382N/uarch/pipe/testbench/test_pipe.dump.vpd -design V1} {gui_open_db -file /home/ecelrc/students/psahu/382N/uarch/pipe/testbench/inter.vpd -design V1}}
gui_set_state_value -category Globals -key recent_sessions -value {{gui_load_session -ignore_errors -file /home/ecelrc/students/psahu/382N/uarch/pipe/testbench/DVEfiles//crash_05.07-17.57/dve_session05.07-17.57.tcl} {gui_load_session -ignore_errors -file /home/ecelrc/students/psahu/382N/uarch/pipe/testbench/DVEfiles//crash_05.06-20.47/dve_session05.06-20.47.tcl} {gui_load_session -ignore_errors -file /home/ecelrc/students/psahu/382N/uarch/pipe/testbench/DVEfiles//crash_05.06-17.05/dve_session05.06-17.05.tcl} {gui_load_session -ignore_errors -file /home/ecelrc/students/psahu/382N/uarch/pipe/testbench/DVEfiles//crash_04.30-23.05/dve_session04.30-23.05.tcl} {gui_load_session -ignore_errors -file /home/ecelrc/students/psahu/382N/uarch/pipe/testbench/DVEfiles//crash_04.30-02.31/dve_session04.30-02.31.tcl}}
gui_set_state_value -category Layout -key child_console_size_x -value 1911
gui_set_state_value -category Layout -key child_console_size_y -value 175
gui_set_state_value -category Layout -key child_data_size_x -value 105
gui_set_state_value -category Layout -key child_data_size_y -value 753
gui_set_state_value -category Layout -key child_driver_size_x -value 942
gui_set_state_value -category Layout -key child_driver_size_y -value 179
gui_set_state_value -category Layout -key child_hier_col3 -value {-1}
gui_set_state_value -category Layout -key child_hier_colhier -value 151
gui_set_state_value -category Layout -key child_hier_colpd -value 0
gui_set_state_value -category Layout -key child_hier_coltype -value 54
gui_set_state_value -category Layout -key child_hier_size_x -value 155
gui_set_state_value -category Layout -key child_hier_size_y -value 753
gui_set_state_value -category Layout -key child_hier_sort_order -value 1
gui_set_state_value -category Layout -key child_list_down -value 199
gui_set_state_value -category Layout -key child_list_right -value 440
gui_set_state_value -category Layout -key child_schematic_docknewline -value false
gui_set_state_value -category Layout -key child_schematic_pos_x -value {-2}
gui_set_state_value -category Layout -key child_schematic_pos_y -value {-15}
gui_set_state_value -category Layout -key child_schematic_size_x -value 955
gui_set_state_value -category Layout -key child_schematic_size_y -value 509
gui_set_state_value -category Layout -key child_source_docknewline -value false
gui_set_state_value -category Layout -key child_source_pos_x -value {-2}
gui_set_state_value -category Layout -key child_source_pos_y -value {-15}
gui_set_state_value -category Layout -key child_source_size_x -value 1654
gui_set_state_value -category Layout -key child_source_size_y -value 748
gui_set_state_value -category Layout -key child_wave_colname -value 276
gui_set_state_value -category Layout -key child_wave_colvalue -value 277
gui_set_state_value -category Layout -key child_wave_left -value 557
gui_set_state_value -category Layout -key child_wave_right -value 1357
gui_set_state_value -category Layout -key main_pos_x -value 8
gui_set_state_value -category Layout -key main_pos_y -value 31
gui_set_state_value -category Layout -key main_size_x -value 1919
gui_set_state_value -category Layout -key main_size_y -value 1034
gui_set_state_value -category Layout -key stand_list_child_docknewline -value false
gui_set_state_value -category Layout -key stand_list_child_pos_x -value {-2}
gui_set_state_value -category Layout -key stand_list_child_pos_y -value {-15}
gui_set_state_value -category Layout -key stand_list_child_size_y -value 344
gui_set_state_value -category Layout -key stand_list_top_pos_y -value 136
gui_set_state_value -category Layout -key stand_list_top_size_x -value 1095
gui_set_state_value -category Layout -key stand_list_top_size_y -value 631
gui_set_state_value -category Layout -key stand_wave_child_docknewline -value false
gui_set_state_value -category Layout -key stand_wave_child_pos_x -value {-2}
gui_set_state_value -category Layout -key stand_wave_child_pos_y -value {-15}
gui_set_state_value -category Layout -key stand_wave_child_size_x -value 1924
gui_set_state_value -category Layout -key stand_wave_child_size_y -value 936
gui_set_state_value -category Layout -key stand_wave_top_pos_x -value 0
gui_set_state_value -category Layout -key stand_wave_top_pos_y -value 23
gui_set_state_value -category Layout -key stand_wave_top_size_x -value 1919
gui_set_state_value -category Layout -key stand_wave_top_size_y -value 1039
gui_create_state_key -category FindDialog -key m_pMatchCase -value_type bool -value false
gui_create_state_key -category FindDialog -key m_pMatchWord -value_type bool -value false
gui_create_state_key -category FindDialog -key m_pUseCombo -value_type string -value {}
gui_create_state_key -category FindDialog -key m_pWrapAround -value_type bool -value true
gui_create_state_key -category Widget_History -key {dlgSimSetup|m_setupTab|tab pages|SimTab|m_VPDCombo} -value_type string -value inter.vpd
gui_create_state_key -category Widget_History -key {dlgSimSetup|m_setupTab|tab pages|SimTab|m_argsCombo} -value_type string -value {{-ucligui } +lint=TFIPC-L}
gui_create_state_key -category Widget_History -key {dlgSimSetup|m_setupTab|tab pages|SimTab|m_curDirCombo} -value_type string -value {/home/ecelrc/students/psahu/382N/uarch/pipe/testbench /home/ecelrc/students/psahu/382N/uarch/test /home/ecelrc/students/psahu/382N/ps2}
gui_create_state_key -category Widget_History -key {dlgSimSetup|m_setupTab|tab pages|SimTab|m_exeCombo} -value_type string -value {/home/ecelrc/students/psahu/382N/uarch/pipe/testbench/simv simv /home/ecelrc/students/psahu/382N/uarch/test/simv}
gui_state_default_create -off

# Begin command logging
gui_open_db -file /home/ecelrc/students/psahu/382N/uarch/pipe/testbench/test_pipe.dump.vpd -design V1
gui_list_expand -id  Hier.1   test_pipe
gui_list_select -id Hier.1 -current_item_name test_pipe.be -current_item_type Scope  -selected  { test_pipe.be   }
gui_list_expand -id  Hier.1   test_pipe.be
gui_list_select -id Hier.1 -current_item_name test_pipe.be.wb -current_item_type Scope  -selected  { test_pipe.be.wb   }
gui_open_window Wave
gui_list_add -id Wave.1 -from Hier.1 { test_pipe.be.wb } -insertionbar
gui_zoom -window Wave.1 -full
gui_wv_zoom_timerange -id  Wave.1 859071 1004572
gui_list_select -id Wave.1 -selected  { {test_pipe.be.wb.i_EIP[31:0]}   }
gui_marker_move -id  Wave.1 C1 969288
gui_save_session -reload -default_file
gui_wv_zoom_timerange -id  Wave.1 859074 1004575
gui_wv_zoom_timerange -id  Wave.1 859074 1004575
gui_zoom -window Wave.1 -full
gui_wv_zoom_timerange -id  Wave.1 103708 253852
gui_wv_scroll_hslidermove -id  Wave.1 1163
gui_close_window -window TopLevel.2
